Flutter crash report.
Please report a bug at https://github.com/flutter/flutter/issues.

## command

flutter run

## exception

FileSystemException: FileSystemException: Exists failed, path = 'D:\flutter projects\prova1\assets\images\sfondo.jpg\' (OS Error: La sintassi del nome del file, della directory o del volume non è corretta.
, errno = 123)

```
#0      _Directory.existsSync (dart:io/directory_impl.dart:92:7)
#1      ForwardingFileSystemEntity.existsSync (package:file/src/forwarding/forwarding_file_system_entity.dart:43:33)
#2      ErrorHandlingDirectory.existsSync.<anonymous closure> (package:flutter_tools/src/base/error_handling_io.dart:498:22)
#3      _runSync (package:flutter_tools/src/base/error_handling_io.dart:600:14)
#4      ErrorHandlingDirectory.existsSync (package:flutter_tools/src/base/error_handling_io.dart:497:12)
#5      ManifestAssetBundle._parseAssetsFromFolder (package:flutter_tools/src/asset.dart:810:47)
#6      ManifestAssetBundle._parseAssets (package:flutter_tools/src/asset.dart:733:9)
#7      ManifestAssetBundle.build (package:flutter_tools/src/asset.dart:250:54)
<asynchronous suspension>
#8      ResidentWebRunner._updateDevFS (package:flutter_tools/src/isolated/resident_web_runner.dart:469:26)
<asynchronous suspension>
#9      ResidentWebRunner.run.<anonymous closure> (package:flutter_tools/src/isolated/resident_web_runner.dart:284:41)
<asynchronous suspension>
#10     asyncGuard.<anonymous closure> (package:flutter_tools/src/base/async_guard.dart:111:24)
<asynchronous suspension>
```

## flutter doctor

```
[32m[✓][39m Flutter (Channel stable, 3.7.12, on Microsoft Windows [Versione 10.0.22621.1702], locale it-IT)
    [32m•[39m Flutter version 3.7.12 on channel stable at D:\flutter
    [32m•[39m Upstream repository https://github.com/flutter/flutter.git
    [32m•[39m Framework revision 4d9e56e694 (7 weeks ago), 2023-04-17 21:47:46 -0400
    [32m•[39m Engine revision 1a65d409c7
    [32m•[39m Dart version 2.19.6
    [32m•[39m DevTools version 2.20.1

[31m[✗][39m Windows Version (Unable to confirm if installed Windows version is 10 or greater)

[33m[!][39m Android toolchain - develop for Android devices (Android SDK version 33.0.0)
    [32m•[39m Android SDK at C:\Users\masci\AppData\Local\Android\sdk
    [31m✗[39m cmdline-tools component is missing
      Run `path/to/sdkmanager --install "cmdline-tools;latest"`
      See https://developer.android.com/studio/command-line for more details.
    [31m✗[39m Android license status unknown.
      Run `flutter doctor --android-licenses` to accept the SDK licenses.
      See https://flutter.dev/docs/get-started/install/windows#android-setup for more details.

[32m[✓][39m Chrome - develop for the web
    [32m•[39m Chrome at C:\Program Files\Google\Chrome\Application\chrome.exe

[32m[✓][39m Visual Studio - develop for Windows (Visual Studio Community 2022 17.5.5)
    [32m•[39m Visual Studio at D:\VisualStudio\IDE
    [32m•[39m Visual Studio Community 2022 version 17.5.33627.172
    [32m•[39m Windows 10 SDK version 10.0.22621.0

[32m[✓][39m Android Studio (version 2021.3)
    [32m•[39m Android Studio at D:\android studio
    [32m•[39m Flutter plugin can be installed from:
      🔨 https://plugins.jetbrains.com/plugin/9212-flutter
    [32m•[39m Dart plugin can be installed from:
      🔨 https://plugins.jetbrains.com/plugin/6351-dart
    [32m•[39m Java version OpenJDK Runtime Environment (build 11.0.13+0-b1751.21-8125866)

[32m[✓][39m VS Code (version 1.78.2)
    [32m•[39m VS Code at C:\Users\masci\AppData\Local\Programs\Microsoft VS Code
    [32m•[39m Flutter extension version 3.66.0

[32m[✓][39m Connected device (3 available)
    [32m•[39m Windows (desktop) • windows • windows-x64    • Microsoft Windows [Versione 10.0.22621.1702]
    [32m•[39m Chrome (web)      • chrome  • web-javascript • Google Chrome 114.0.5735.90
    [32m•[39m Edge (web)        • edge    • web-javascript • Microsoft Edge 114.0.1823.37

[32m[✓][39m HTTP Host Availability
    [32m•[39m All required HTTP hosts are available

[33m![39m Doctor found issues in 2 categories.
```
